<?xml version="1.0" encoding="UTF-8"?>
<testsuites name="About" time="124.13" tests="11" failures="0" errors="1">
   <testsuite name="About" tests="11" failures="0" errors="1" time="124.13" skipped="0" timestamp="20-01-2025T10:10:27" hostname="TUF - husna.lan" id="Test Suites/About">
      <properties>
         <property name="deviceName" value="samsung SM-A015F (Android 12)"/>
         <property name="devicePlatform" value="Android"/>
         <property name="logFolder" value="C:\\Users\\TUF\\git\\test\\Reports\\20250120_101021\\About\\20250120_101021"/>
         <property name="logFiles" value="C:\\Users\\TUF\\git\\test\\Reports\\20250120_101021\\About\\20250120_101021\\appium.log, C:\\Users\\TUF\\git\\test\\Reports\\20250120_101021\\About\\20250120_101021\\appium_error.log, C:\\Users\\TUF\\git\\test\\Reports\\20250120_101021\\About\\20250120_101021\\execution0.log"/>
         <property name="attachments" value="C:\\Users\\TUF\\git\\test\\Reports\\20250120_101021\\About\\20250120_101021\\1737339093342.png, C:\\Users\\TUF\\git\\test\\Reports\\20250120_101021\\About\\20250120_101021\\1737339094509.png, C:\\Users\\TUF\\git\\test\\Reports\\20250120_101021\\About\\20250120_101021\\1737339127163.png, C:\\Users\\TUF\\git\\test\\Reports\\20250120_101021\\About\\20250120_101021\\1737339145221.png"/>
         <property name="hostName" value="TUF - husna.lan"/>
         <property name="os" value="Windows 11 64bit"/>
         <property name="appiumServerStatus" value="{&quot;value&quot;:{&quot;ready&quot;:true,&quot;message&quot;:&quot;The server is ready to accept new connections&quot;,&quot;build&quot;:{&quot;version&quot;:&quot;2.13.1&quot;}}}"/>
         <property name="katalonVersion" value="10.0.1.223"/>
         <property name="deviceOS" value="Android"/>
         <property name="appiumVersion" value="2.13.1"/>
         <property name="deviceModel" value="SM-A015F"/>
         <property name="hostAddress" value="192.168.1.229"/>
         <property name="deviceManufacturer" value="samsung"/>
         <property name="deviceId" value="R9PNC036RCJ"/>
         <property name="deviceName" value="samsung SM-A015F (Android 12)"/>
         <property name="deviceOSVersion" value="12"/>
      </properties>
      <testcase name="Test Cases/7. About/7.2 Services/7.2.1 ATM/7.2.1 ATM" time="17.915" classname="Test Cases/7. About/7.2 Services/7.2.1 ATM/7.2.1 ATM" status="PASSED">
         <system-out><![CDATA[20-01-2025T10:11:35 - [TEST_CASE][PASSED] - Test Cases/7. About/7.2 Services/7.2.1 ATM/7.2.1 ATM: Test Cases/7. About/7.2 Services/7.2.1 ATM/7.2.1 ATM

20-01-2025T10:11:35 - [TEST_STEP][PASSED] - projectDir = getProjectDir(): null

20-01-2025T10:11:35 - [TEST_STEP][PASSED] - apkFilePath = projectDir + "/Test Files/Setia_City_Mall_Version_5_13_11_(Version_Code_162).apk": null

20-01-2025T10:11:35 - [TEST_STEP][PASSED] - startApplication(apkFilePath, false): Started application: 'C:\Users\TUF\git\test\Test Files\Setia_City_Mall_Version_5_13_11_(Version_Code_162).apk'

20-01-2025T10:11:35 - [MESSAGE][INFO] - Starting application: 'C:\Users\TUF\git\test\Test Files\Setia_City_Mall_Version_5_13_11_(Version_Code_162).apk'

20-01-2025T10:11:41 - [MESSAGE][PASSED] - Started application: 'C:\Users\TUF\git\test\Test Files\Setia_City_Mall_Version_5_13_11_(Version_Code_162).apk'

20-01-2025T10:11:41 - [TEST_STEP][PASSED] - tap(findTestObject("Object Repository/android.widget.ImageView (22)"), 0): Tapped on element 'Object Repository/android.widget.ImageView (22)'

20-01-2025T10:11:41 - [MESSAGE][WARNING] - Timeout '0' is invalid. Using default page load timeout: '40'

20-01-2025T10:11:44 - [MESSAGE][PASSED] - Tapped on element 'Object Repository/android.widget.ImageView (22)'

20-01-2025T10:11:44 - [TEST_STEP][PASSED] - tap(findTestObject("Object Repository/android.widget.ImageView (14)"), 0): Tapped on element 'Object Repository/android.widget.ImageView (14)'

20-01-2025T10:11:44 - [MESSAGE][WARNING] - Timeout '0' is invalid. Using default page load timeout: '40'

20-01-2025T10:11:46 - [MESSAGE][PASSED] - Tapped on element 'Object Repository/android.widget.ImageView (14)'

20-01-2025T10:11:46 - [TEST_STEP][PASSED] - tap(findTestObject("Object Repository/android.widget.TextView - About (1)"), 0): Tapped on element 'Object Repository/android.widget.TextView - About (1)'

20-01-2025T10:11:46 - [MESSAGE][WARNING] - Timeout '0' is invalid. Using default page load timeout: '40'

20-01-2025T10:11:47 - [MESSAGE][PASSED] - Tapped on element 'Object Repository/android.widget.TextView - About (1)'

20-01-2025T10:11:47 - [TEST_STEP][PASSED] - tap(findTestObject("Object Repository/android.widget.TextView - Services"), 0): Tapped on element 'Object Repository/android.widget.TextView - Services'

20-01-2025T10:11:47 - [MESSAGE][WARNING] - Timeout '0' is invalid. Using default page load timeout: '40'

20-01-2025T10:11:49 - [MESSAGE][PASSED] - Tapped on element 'Object Repository/android.widget.TextView - Services'

20-01-2025T10:11:49 - [TEST_STEP][PASSED] - tap(findTestObject("Object Repository/android.widget.ScrollView"), 0): Tapped on element 'Object Repository/android.widget.ScrollView'

20-01-2025T10:11:49 - [MESSAGE][WARNING] - Timeout '0' is invalid. Using default page load timeout: '40'

20-01-2025T10:11:51 - [MESSAGE][PASSED] - Tapped on element 'Object Repository/android.widget.ScrollView'

20-01-2025T10:11:51 - [TEST_STEP][PASSED] - tap(findTestObject("Object Repository/android.widget.TextView - ATM"), 0): Tapped on element 'Object Repository/android.widget.TextView - ATM'

20-01-2025T10:11:51 - [MESSAGE][WARNING] - Timeout '0' is invalid. Using default page load timeout: '40'

20-01-2025T10:11:51 - [MESSAGE][PASSED] - Tapped on element 'Object Repository/android.widget.TextView - ATM'

20-01-2025T10:11:51 - [TEST_STEP][PASSED] - tap(findTestObject("Object Repository/android.widget.ImageView (16)"), 0): Tapped on element 'Object Repository/android.widget.ImageView (16)'

20-01-2025T10:11:51 - [MESSAGE][WARNING] - Timeout '0' is invalid. Using default page load timeout: '40'

20-01-2025T10:11:53 - [MESSAGE][PASSED] - Tapped on element 'Object Repository/android.widget.ImageView (16)']]></system-out>
         <system-err><![CDATA[]]></system-err>
      </testcase>
      <testcase name="Test Cases/7. About/7.2 Services/7.2.2 Bus/bus" time="2.782" classname="Test Cases/7. About/7.2 Services/7.2.2 Bus/bus" status="PASSED">
         <system-out><![CDATA[20-01-2025T10:11:53 - [TEST_CASE][PASSED] - Test Cases/7. About/7.2 Services/7.2.2 Bus/bus: Test Cases/7. About/7.2 Services/7.2.2 Bus/bus

20-01-2025T10:11:53 - [TEST_STEP][PASSED] - tap(findTestObject("Object Repository/android.widget.TextView - Bus"), 0): Tapped on element 'Object Repository/android.widget.TextView - Bus'

20-01-2025T10:11:53 - [MESSAGE][WARNING] - Timeout '0' is invalid. Using default page load timeout: '40'

20-01-2025T10:11:54 - [MESSAGE][PASSED] - Tapped on element 'Object Repository/android.widget.TextView - Bus'

20-01-2025T10:11:54 - [TEST_STEP][PASSED] - tap(findTestObject("Object Repository/android.widget.ImageView (17)"), 0): Tapped on element 'Object Repository/android.widget.ImageView (17)'

20-01-2025T10:11:54 - [MESSAGE][WARNING] - Timeout '0' is invalid. Using default page load timeout: '40'

20-01-2025T10:11:56 - [MESSAGE][PASSED] - Tapped on element 'Object Repository/android.widget.ImageView (17)']]></system-out>
         <system-err><![CDATA[]]></system-err>
      </testcase>
      <testcase name="Test Cases/7. About/7.2 Services/7.2.3 Car Park Help-Desk/car" time="2.919" classname="Test Cases/7. About/7.2 Services/7.2.3 Car Park Help-Desk/car" status="PASSED">
         <system-out><![CDATA[20-01-2025T10:11:56 - [TEST_CASE][PASSED] - Test Cases/7. About/7.2 Services/7.2.3 Car Park Help-Desk/car: Test Cases/7. About/7.2 Services/7.2.3 Car Park Help-Desk/car

20-01-2025T10:11:56 - [TEST_STEP][PASSED] - tap(findTestObject("Object Repository/android.widget.TextView - Car Park Help-Desk"), 0): Tapped on element 'Object Repository/android.widget.TextView - Car Park Help-Desk'

20-01-2025T10:11:56 - [MESSAGE][WARNING] - Timeout '0' is invalid. Using default page load timeout: '40'

20-01-2025T10:11:57 - [MESSAGE][PASSED] - Tapped on element 'Object Repository/android.widget.TextView - Car Park Help-Desk'

20-01-2025T10:11:57 - [TEST_STEP][PASSED] - tap(findTestObject("Object Repository/android.widget.ImageView (19)"), 0): Tapped on element 'Object Repository/android.widget.ImageView (19)'

20-01-2025T10:11:57 - [MESSAGE][WARNING] - Timeout '0' is invalid. Using default page load timeout: '40'

20-01-2025T10:11:59 - [MESSAGE][PASSED] - Tapped on element 'Object Repository/android.widget.ImageView (19)']]></system-out>
         <system-err><![CDATA[]]></system-err>
      </testcase>
      <testcase name="Test Cases/7. About/7.2 Services/7.2.4 Gift Wrapping/New Test Case" time="3.382" classname="Test Cases/7. About/7.2 Services/7.2.4 Gift Wrapping/New Test Case" status="PASSED">
         <system-out><![CDATA[20-01-2025T10:11:59 - [TEST_CASE][PASSED] - Test Cases/7. About/7.2 Services/7.2.4 Gift Wrapping/New Test Case: Test Cases/7. About/7.2 Services/7.2.4 Gift Wrapping/New Test Case

20-01-2025T10:11:59 - [TEST_STEP][PASSED] - tap(findTestObject("Object Repository/android.widget.TextView - Gift Wrapping"), 0): Tapped on element 'Object Repository/android.widget.TextView - Gift Wrapping'

20-01-2025T10:11:59 - [MESSAGE][WARNING] - Timeout '0' is invalid. Using default page load timeout: '40'

20-01-2025T10:12:01 - [MESSAGE][PASSED] - Tapped on element 'Object Repository/android.widget.TextView - Gift Wrapping'

20-01-2025T10:12:01 - [TEST_STEP][PASSED] - tap(findTestObject("Object Repository/android.widget.ImageView (21)"), 0): Tapped on element 'Object Repository/android.widget.ImageView (21)'

20-01-2025T10:12:01 - [MESSAGE][WARNING] - Timeout '0' is invalid. Using default page load timeout: '40'

20-01-2025T10:12:02 - [MESSAGE][PASSED] - Tapped on element 'Object Repository/android.widget.ImageView (21)']]></system-out>
         <system-err><![CDATA[]]></system-err>
      </testcase>
      <testcase name="Test Cases/7. About/7.2 Services/7.2.5 Lost n Found/lostnfound" time="3.34" classname="Test Cases/7. About/7.2 Services/7.2.5 Lost n Found/lostnfound" status="PASSED">
         <system-out><![CDATA[20-01-2025T10:12:02 - [TEST_CASE][PASSED] - Test Cases/7. About/7.2 Services/7.2.5 Lost n Found/lostnfound: Test Cases/7. About/7.2 Services/7.2.5 Lost n Found/lostnfound

20-01-2025T10:12:02 - [TEST_STEP][PASSED] - tap(findTestObject("Object Repository/android.widget.TextView - Lost  Found"), 0): Tapped on element 'Object Repository/android.widget.TextView - Lost  Found'

20-01-2025T10:12:02 - [MESSAGE][WARNING] - Timeout '0' is invalid. Using default page load timeout: '40'

20-01-2025T10:12:04 - [MESSAGE][PASSED] - Tapped on element 'Object Repository/android.widget.TextView - Lost  Found'

20-01-2025T10:12:04 - [TEST_STEP][PASSED] - tap(findTestObject("Object Repository/android.widget.ImageView (21)"), 0): Tapped on element 'Object Repository/android.widget.ImageView (21)'

20-01-2025T10:12:04 - [MESSAGE][WARNING] - Timeout '0' is invalid. Using default page load timeout: '40'

20-01-2025T10:12:05 - [MESSAGE][PASSED] - Tapped on element 'Object Repository/android.widget.ImageView (21)']]></system-out>
         <system-err><![CDATA[]]></system-err>
      </testcase>
      <testcase name="Test Cases/7. About/7.3 Amenities/7.3.1 Baby Strollers/Baby Stroller" time="3.862" classname="Test Cases/7. About/7.3 Amenities/7.3.1 Baby Strollers/Baby Stroller" status="PASSED">
         <system-out><![CDATA[20-01-2025T10:12:08 - [TEST_CASE][PASSED] - Test Cases/7. About/7.3 Amenities/7.3.1 Baby Strollers/Baby Stroller: Test Cases/7. About/7.3 Amenities/7.3.1 Baby Strollers/Baby Stroller

20-01-2025T10:12:08 - [TEST_STEP][PASSED] - tap(findTestObject("Object Repository/android.widget.TextView - Amenities"), 0): Tapped on element 'Object Repository/android.widget.TextView - Amenities'

20-01-2025T10:12:08 - [MESSAGE][WARNING] - Timeout '0' is invalid. Using default page load timeout: '40'

20-01-2025T10:12:08 - [MESSAGE][PASSED] - Tapped on element 'Object Repository/android.widget.TextView - Amenities'

20-01-2025T10:12:08 - [TEST_STEP][PASSED] - tap(findTestObject("Object Repository/android.widget.TextView - Baby Strollers"), 0): Tapped on element 'Object Repository/android.widget.TextView - Baby Strollers'

20-01-2025T10:12:08 - [MESSAGE][WARNING] - Timeout '0' is invalid. Using default page load timeout: '40'

20-01-2025T10:12:10 - [MESSAGE][PASSED] - Tapped on element 'Object Repository/android.widget.TextView - Baby Strollers'

20-01-2025T10:12:10 - [TEST_STEP][PASSED] - tap(findTestObject("Object Repository/android.widget.ImageView (23)"), 0): Tapped on element 'Object Repository/android.widget.ImageView (23)'

20-01-2025T10:12:10 - [MESSAGE][WARNING] - Timeout '0' is invalid. Using default page load timeout: '40'

20-01-2025T10:12:12 - [MESSAGE][PASSED] - Tapped on element 'Object Repository/android.widget.ImageView (23)']]></system-out>
         <system-err><![CDATA[]]></system-err>
      </testcase>
      <testcase name="Test Cases/7. About/7.3 Amenities/7.3.2 Handicapped Bathrooms/Handicapped Bathrooms" time="2.866" classname="Test Cases/7. About/7.3 Amenities/7.3.2 Handicapped Bathrooms/Handicapped Bathrooms" status="PASSED">
         <system-out><![CDATA[20-01-2025T10:12:12 - [TEST_CASE][PASSED] - Test Cases/7. About/7.3 Amenities/7.3.2 Handicapped Bathrooms/Handicapped Bathrooms: Test Cases/7. About/7.3 Amenities/7.3.2 Handicapped Bathrooms/Handicapped Bathrooms

20-01-2025T10:12:12 - [TEST_STEP][PASSED] - tap(findTestObject("Object Repository/android.widget.TextView - Handicapped Bathrooms"), 0): Tapped on element 'Object Repository/android.widget.TextView - Handicapped Bathrooms'

20-01-2025T10:12:12 - [MESSAGE][WARNING] - Timeout '0' is invalid. Using default page load timeout: '40'

20-01-2025T10:12:13 - [MESSAGE][PASSED] - Tapped on element 'Object Repository/android.widget.TextView - Handicapped Bathrooms'

20-01-2025T10:12:13 - [TEST_STEP][PASSED] - tap(findTestObject("Object Repository/android.widget.ImageView (23)"), 0): Tapped on element 'Object Repository/android.widget.ImageView (23)'

20-01-2025T10:12:13 - [MESSAGE][WARNING] - Timeout '0' is invalid. Using default page load timeout: '40'

20-01-2025T10:12:14 - [MESSAGE][PASSED] - Tapped on element 'Object Repository/android.widget.ImageView (23)']]></system-out>
         <system-err><![CDATA[]]></system-err>
      </testcase>
      <testcase name="Test Cases/7. About/7.3 Amenities/7.3.3 Parents Rooms/Parents Room" time="2.843" classname="Test Cases/7. About/7.3 Amenities/7.3.3 Parents Rooms/Parents Room" status="PASSED">
         <system-out><![CDATA[20-01-2025T10:12:14 - [TEST_CASE][PASSED] - Test Cases/7. About/7.3 Amenities/7.3.3 Parents Rooms/Parents Room: Test Cases/7. About/7.3 Amenities/7.3.3 Parents Rooms/Parents Room

20-01-2025T10:12:14 - [TEST_STEP][PASSED] - tap(findTestObject("Object Repository/android.widget.TextView - Parents rooms"), 0): Tapped on element 'Object Repository/android.widget.TextView - Parents rooms'

20-01-2025T10:12:14 - [MESSAGE][WARNING] - Timeout '0' is invalid. Using default page load timeout: '40'

20-01-2025T10:12:16 - [MESSAGE][PASSED] - Tapped on element 'Object Repository/android.widget.TextView - Parents rooms'

20-01-2025T10:12:16 - [TEST_STEP][PASSED] - tap(findTestObject("Object Repository/android.widget.ImageView (23)"), 0): Tapped on element 'Object Repository/android.widget.ImageView (23)'

20-01-2025T10:12:16 - [MESSAGE][WARNING] - Timeout '0' is invalid. Using default page load timeout: '40'

20-01-2025T10:12:17 - [MESSAGE][PASSED] - Tapped on element 'Object Repository/android.widget.ImageView (23)']]></system-out>
         <system-err><![CDATA[]]></system-err>
      </testcase>
      <testcase name="Test Cases/7. About/7.3 Amenities/7.3.4 Surau/Surau" time="2.918" classname="Test Cases/7. About/7.3 Amenities/7.3.4 Surau/Surau" status="PASSED">
         <system-out><![CDATA[20-01-2025T10:12:17 - [TEST_CASE][PASSED] - Test Cases/7. About/7.3 Amenities/7.3.4 Surau/Surau: Test Cases/7. About/7.3 Amenities/7.3.4 Surau/Surau

20-01-2025T10:12:17 - [TEST_STEP][PASSED] - tap(findTestObject("Object Repository/android.widget.TextView - Surau"), 0): Tapped on element 'Object Repository/android.widget.TextView - Surau'

20-01-2025T10:12:17 - [MESSAGE][WARNING] - Timeout '0' is invalid. Using default page load timeout: '40'

20-01-2025T10:12:19 - [MESSAGE][PASSED] - Tapped on element 'Object Repository/android.widget.TextView - Surau'

20-01-2025T10:12:19 - [TEST_STEP][PASSED] - tap(findTestObject("Object Repository/android.widget.ImageView (24)"), 0): Tapped on element 'Object Repository/android.widget.ImageView (24)'

20-01-2025T10:12:19 - [MESSAGE][WARNING] - Timeout '0' is invalid. Using default page load timeout: '40'

20-01-2025T10:12:20 - [MESSAGE][PASSED] - Tapped on element 'Object Repository/android.widget.ImageView (24)']]></system-out>
         <system-err><![CDATA[]]></system-err>
      </testcase>
      <testcase name="Test Cases/7. About/7.3 Amenities/7.3.5 Wheel Chairs/Wheel Chairs" time="3.256" classname="Test Cases/7. About/7.3 Amenities/7.3.5 Wheel Chairs/Wheel Chairs" status="PASSED">
         <system-out><![CDATA[20-01-2025T10:12:20 - [TEST_CASE][PASSED] - Test Cases/7. About/7.3 Amenities/7.3.5 Wheel Chairs/Wheel Chairs: Test Cases/7. About/7.3 Amenities/7.3.5 Wheel Chairs/Wheel Chairs

20-01-2025T10:12:20 - [TEST_STEP][PASSED] - tap(findTestObject("Object Repository/android.widget.TextView - Wheel Chairs"), 0): Tapped on element 'Object Repository/android.widget.TextView - Wheel Chairs'

20-01-2025T10:12:20 - [MESSAGE][WARNING] - Timeout '0' is invalid. Using default page load timeout: '40'

20-01-2025T10:12:22 - [MESSAGE][PASSED] - Tapped on element 'Object Repository/android.widget.TextView - Wheel Chairs'

20-01-2025T10:12:22 - [TEST_STEP][PASSED] - tap(findTestObject("Object Repository/android.widget.ImageView (23)"), 0): Tapped on element 'Object Repository/android.widget.ImageView (23)'

20-01-2025T10:12:22 - [MESSAGE][WARNING] - Timeout '0' is invalid. Using default page load timeout: '40'

20-01-2025T10:12:23 - [MESSAGE][PASSED] - Tapped on element 'Object Repository/android.widget.ImageView (23)']]></system-out>
         <system-err><![CDATA[]]></system-err>
      </testcase>
      <testcase name="Test Cases/7. About/7.4 Transport/7.4.1 Transport" time="1.527" classname="Test Cases/7. About/7.4 Transport/7.4.1 Transport" status="ERROR">
         <error type="ERROR" message="Test Cases/7. About/7.4 Transport/7.4.1 Transport FAILED.&#xa;Reason:&#xa;groovy.lang.MissingMethodException: No signature of method: static com.kms.katalon.core.mobile.keyword.MobileBuiltInKeywords.swipe() is applicable for argument types: (Integer, Integer, Integer, Integer, Integer) values: [360, 1064, 360, 456, 1000]&#xa;Possible solutions: swipe(int, int, int, int), swipe(int, int, int, int, com.kms.katalon.core.model.FailureHandling), grep(), wait(), dump(), find()&#xa;	at 7.4.1 Transport.run(7.4.1 Transport:41)&#xa;	at com.kms.katalon.core.main.ScriptEngine.run(ScriptEngine.java:194)&#xa;	at com.kms.katalon.core.main.ScriptEngine.runScriptAsRawText(ScriptEngine.java:119)&#xa;	at com.kms.katalon.core.main.TestCaseExecutor.runScript(TestCaseExecutor.java:448)&#xa;	at com.kms.katalon.core.main.TestCaseExecutor.doExecute(TestCaseExecutor.java:439)&#xa;	at com.kms.katalon.core.main.TestCaseExecutor.processExecutionPhase(TestCaseExecutor.java:418)&#xa;	at com.kms.katalon.core.main.TestCaseExecutor.accessMainPhase(TestCaseExecutor.java:410)&#xa;	at com.kms.katalon.core.main.TestCaseExecutor.execute(TestCaseExecutor.java:285)&#xa;	at com.kms.katalon.core.main.TestCaseExecutor.execute(TestCaseExecutor.java:369)&#xa;	at com.kms.katalon.core.main.TestCaseExecutor.execute(TestCaseExecutor.java:369)&#xa;	at com.kms.katalon.core.main.TestCaseExecutor.execute(TestCaseExecutor.java:369)&#xa;	at com.kms.katalon.core.common.CommonExecutor.accessTestCaseMainPhase(CommonExecutor.java:65)&#xa;	at com.kms.katalon.core.main.TestSuiteExecutor.accessTestSuiteMainPhase(TestSuiteExecutor.java:161)&#xa;	at com.kms.katalon.core.main.TestSuiteExecutor.execute(TestSuiteExecutor.java:107)&#xa;	at com.kms.katalon.core.main.TestCaseMain.startTestSuite(TestCaseMain.java:176)&#xa;	at TempTestSuite1737339021082.run(TempTestSuite1737339021082.groovy:35)&#xa;	at java.base/jdk.internal.reflect.NativeMethodAccessorImpl.invoke0(Native Method)&#xa;	at java.base/jdk.internal.reflect.NativeMethodAccessorImpl.invoke(NativeMethodAccessorImpl.java:77)&#xa;	at java.base/jdk.internal.reflect.DelegatingMethodAccessorImpl.invoke(DelegatingMethodAccessorImpl.java:43)&#xa;"/>
         <system-out><![CDATA[20-01-2025T10:12:29 - [TEST_CASE][ERROR] - Test Cases/7. About/7.4 Transport/7.4.1 Transport: Test Cases/7. About/7.4 Transport/7.4.1 Transport FAILED.
Reason:
groovy.lang.MissingMethodException: No signature of method: static com.kms.katalon.core.mobile.keyword.MobileBuiltInKeywords.swipe() is applicable for argument types: (Integer, Integer, Integer, Integer, Integer) values: [360, 1064, 360, 456, 1000]
Possible solutions: swipe(int, int, int, int), swipe(int, int, int, int, com.kms.katalon.core.model.FailureHandling), grep(), wait(), dump(), find()
	at 7.4.1 Transport.run(7.4.1 Transport:41)
	at com.kms.katalon.core.main.ScriptEngine.run(ScriptEngine.java:194)
	at com.kms.katalon.core.main.ScriptEngine.runScriptAsRawText(ScriptEngine.java:119)
	at com.kms.katalon.core.main.TestCaseExecutor.runScript(TestCaseExecutor.java:448)
	at com.kms.katalon.core.main.TestCaseExecutor.doExecute(TestCaseExecutor.java:439)
	at com.kms.katalon.core.main.TestCaseExecutor.processExecutionPhase(TestCaseExecutor.java:418)
	at com.kms.katalon.core.main.TestCaseExecutor.accessMainPhase(TestCaseExecutor.java:410)
	at com.kms.katalon.core.main.TestCaseExecutor.execute(TestCaseExecutor.java:285)
	at com.kms.katalon.core.main.TestCaseExecutor.execute(TestCaseExecutor.java:369)
	at com.kms.katalon.core.main.TestCaseExecutor.execute(TestCaseExecutor.java:369)
	at com.kms.katalon.core.main.TestCaseExecutor.execute(TestCaseExecutor.java:369)
	at com.kms.katalon.core.common.CommonExecutor.accessTestCaseMainPhase(CommonExecutor.java:65)
	at com.kms.katalon.core.main.TestSuiteExecutor.accessTestSuiteMainPhase(TestSuiteExecutor.java:161)
	at com.kms.katalon.core.main.TestSuiteExecutor.execute(TestSuiteExecutor.java:107)
	at com.kms.katalon.core.main.TestCaseMain.startTestSuite(TestCaseMain.java:176)
	at TempTestSuite1737339021082.run(TempTestSuite1737339021082.groovy:35)
	at java.base/jdk.internal.reflect.NativeMethodAccessorImpl.invoke0(Native Method)
	at java.base/jdk.internal.reflect.NativeMethodAccessorImpl.invoke(NativeMethodAccessorImpl.java:77)
	at java.base/jdk.internal.reflect.DelegatingMethodAccessorImpl.invoke(DelegatingMethodAccessorImpl.java:43)


20-01-2025T10:12:29 - [TEST_STEP][PASSED] - tap(findTestObject("Object Repository/SCM/about/android.widget.TextView - Transport"), 0): Tapped on element 'Object Repository/SCM/about/android.widget.TextView - Transport'

20-01-2025T10:12:29 - [MESSAGE][WARNING] - Timeout '0' is invalid. Using default page load timeout: '40'

20-01-2025T10:12:30 - [MESSAGE][PASSED] - Tapped on element 'Object Repository/SCM/about/android.widget.TextView - Transport'

20-01-2025T10:12:30 - [TEST_STEP][PASSED] - device_Height = getDeviceHeight(): Current device physical height is 1520

20-01-2025T10:12:30 - [MESSAGE][PASSED] - Current device physical height is 1520

20-01-2025T10:12:30 - [TEST_STEP][PASSED] - device_Width = getDeviceWidth(): Current device physical width is 720

20-01-2025T10:12:31 - [MESSAGE][PASSED] - Current device physical width is 720

20-01-2025T10:12:31 - [TEST_STEP][PASSED] - startX = device_Width / 2: null

20-01-2025T10:12:31 - [TEST_STEP][PASSED] - endX = startX: null

20-01-2025T10:12:31 - [TEST_STEP][PASSED] - startY = device_Height * 0.30: null

20-01-2025T10:12:31 - [TEST_STEP][PASSED] - endY = device_Height * 0.70: null

20-01-2025T10:12:31 - [TEST_STEP][ERROR] - swipe(startX, endY, endX, startY, 1000): Test Cases/7. About/7.4 Transport/7.4.1 Transport FAILED.
Reason:
groovy.lang.MissingMethodException: No signature of method: static com.kms.katalon.core.mobile.keyword.MobileBuiltInKeywords.swipe() is applicable for argument types: (Integer, Integer, Integer, Integer, Integer) values: [360, 1064, 360, 456, 1000]
Possible solutions: swipe(int, int, int, int), swipe(int, int, int, int, com.kms.katalon.core.model.FailureHandling), grep(), wait(), dump(), find()
	at 7.4.1 Transport.run(7.4.1 Transport:41)
	at com.kms.katalon.core.main.ScriptEngine.run(ScriptEngine.java:194)
	at com.kms.katalon.core.main.ScriptEngine.runScriptAsRawText(ScriptEngine.java:119)
	at com.kms.katalon.core.main.TestCaseExecutor.runScript(TestCaseExecutor.java:448)
	at com.kms.katalon.core.main.TestCaseExecutor.doExecute(TestCaseExecutor.java:439)
	at com.kms.katalon.core.main.TestCaseExecutor.processExecutionPhase(TestCaseExecutor.java:418)
	at com.kms.katalon.core.main.TestCaseExecutor.accessMainPhase(TestCaseExecutor.java:410)
	at com.kms.katalon.core.main.TestCaseExecutor.execute(TestCaseExecutor.java:285)
	at com.kms.katalon.core.main.TestCaseExecutor.execute(TestCaseExecutor.java:369)
	at com.kms.katalon.core.main.TestCaseExecutor.execute(TestCaseExecutor.java:369)
	at com.kms.katalon.core.main.TestCaseExecutor.execute(TestCaseExecutor.java:369)
	at com.kms.katalon.core.common.CommonExecutor.accessTestCaseMainPhase(CommonExecutor.java:65)
	at com.kms.katalon.core.main.TestSuiteExecutor.accessTestSuiteMainPhase(TestSuiteExecutor.java:161)
	at com.kms.katalon.core.main.TestSuiteExecutor.execute(TestSuiteExecutor.java:107)
	at com.kms.katalon.core.main.TestCaseMain.startTestSuite(TestCaseMain.java:176)
	at TempTestSuite1737339021082.run(TempTestSuite1737339021082.groovy:35)
	at java.base/jdk.internal.reflect.NativeMethodAccessorImpl.invoke0(Native Method)
	at java.base/jdk.internal.reflect.NativeMethodAccessorImpl.invoke(NativeMethodAccessorImpl.java:77)
	at java.base/jdk.internal.reflect.DelegatingMethodAccessorImpl.invoke(DelegatingMethodAccessorImpl.java:43)


20-01-2025T10:12:31 - [MESSAGE][ERROR] - Test Cases/7. About/7.4 Transport/7.4.1 Transport FAILED.
Reason:
groovy.lang.MissingMethodException: No signature of method: static com.kms.katalon.core.mobile.keyword.MobileBuiltInKeywords.swipe() is applicable for argument types: (Integer, Integer, Integer, Integer, Integer) values: [360, 1064, 360, 456, 1000]
Possible solutions: swipe(int, int, int, int), swipe(int, int, int, int, com.kms.katalon.core.model.FailureHandling), grep(), wait(), dump(), find()
	at 7.4.1 Transport.run(7.4.1 Transport:41)
	at com.kms.katalon.core.main.ScriptEngine.run(ScriptEngine.java:194)
	at com.kms.katalon.core.main.ScriptEngine.runScriptAsRawText(ScriptEngine.java:119)
	at com.kms.katalon.core.main.TestCaseExecutor.runScript(TestCaseExecutor.java:448)
	at com.kms.katalon.core.main.TestCaseExecutor.doExecute(TestCaseExecutor.java:439)
	at com.kms.katalon.core.main.TestCaseExecutor.processExecutionPhase(TestCaseExecutor.java:418)
	at com.kms.katalon.core.main.TestCaseExecutor.accessMainPhase(TestCaseExecutor.java:410)
	at com.kms.katalon.core.main.TestCaseExecutor.execute(TestCaseExecutor.java:285)
	at com.kms.katalon.core.main.TestCaseExecutor.execute(TestCaseExecutor.java:369)
	at com.kms.katalon.core.main.TestCaseExecutor.execute(TestCaseExecutor.java:369)
	at com.kms.katalon.core.main.TestCaseExecutor.execute(TestCaseExecutor.java:369)
	at com.kms.katalon.core.common.CommonExecutor.accessTestCaseMainPhase(CommonExecutor.java:65)
	at com.kms.katalon.core.main.TestSuiteExecutor.accessTestSuiteMainPhase(TestSuiteExecutor.java:161)
	at com.kms.katalon.core.main.TestSuiteExecutor.execute(TestSuiteExecutor.java:107)
	at com.kms.katalon.core.main.TestCaseMain.startTestSuite(TestCaseMain.java:176)
	at TempTestSuite1737339021082.run(TempTestSuite1737339021082.groovy:35)
	at java.base/jdk.internal.reflect.NativeMethodAccessorImpl.invoke0(Native Method)
	at java.base/jdk.internal.reflect.NativeMethodAccessorImpl.invoke(NativeMethodAccessorImpl.java:77)
	at java.base/jdk.internal.reflect.DelegatingMethodAccessorImpl.invoke(DelegatingMethodAccessorImpl.java:43)]]></system-out>
         <system-err><![CDATA[20-01-2025T10:12:29 - [TEST_CASE][ERROR] - Test Cases/7. About/7.4 Transport/7.4.1 Transport: Test Cases/7. About/7.4 Transport/7.4.1 Transport FAILED.
Reason:
groovy.lang.MissingMethodException: No signature of method: static com.kms.katalon.core.mobile.keyword.MobileBuiltInKeywords.swipe() is applicable for argument types: (Integer, Integer, Integer, Integer, Integer) values: [360, 1064, 360, 456, 1000]
Possible solutions: swipe(int, int, int, int), swipe(int, int, int, int, com.kms.katalon.core.model.FailureHandling), grep(), wait(), dump(), find()
	at 7.4.1 Transport.run(7.4.1 Transport:41)
	at com.kms.katalon.core.main.ScriptEngine.run(ScriptEngine.java:194)
	at com.kms.katalon.core.main.ScriptEngine.runScriptAsRawText(ScriptEngine.java:119)
	at com.kms.katalon.core.main.TestCaseExecutor.runScript(TestCaseExecutor.java:448)
	at com.kms.katalon.core.main.TestCaseExecutor.doExecute(TestCaseExecutor.java:439)
	at com.kms.katalon.core.main.TestCaseExecutor.processExecutionPhase(TestCaseExecutor.java:418)
	at com.kms.katalon.core.main.TestCaseExecutor.accessMainPhase(TestCaseExecutor.java:410)
	at com.kms.katalon.core.main.TestCaseExecutor.execute(TestCaseExecutor.java:285)
	at com.kms.katalon.core.main.TestCaseExecutor.execute(TestCaseExecutor.java:369)
	at com.kms.katalon.core.main.TestCaseExecutor.execute(TestCaseExecutor.java:369)
	at com.kms.katalon.core.main.TestCaseExecutor.execute(TestCaseExecutor.java:369)
	at com.kms.katalon.core.common.CommonExecutor.accessTestCaseMainPhase(CommonExecutor.java:65)
	at com.kms.katalon.core.main.TestSuiteExecutor.accessTestSuiteMainPhase(TestSuiteExecutor.java:161)
	at com.kms.katalon.core.main.TestSuiteExecutor.execute(TestSuiteExecutor.java:107)
	at com.kms.katalon.core.main.TestCaseMain.startTestSuite(TestCaseMain.java:176)
	at TempTestSuite1737339021082.run(TempTestSuite1737339021082.groovy:35)
	at java.base/jdk.internal.reflect.NativeMethodAccessorImpl.invoke0(Native Method)
	at java.base/jdk.internal.reflect.NativeMethodAccessorImpl.invoke(NativeMethodAccessorImpl.java:77)
	at java.base/jdk.internal.reflect.DelegatingMethodAccessorImpl.invoke(DelegatingMethodAccessorImpl.java:43)]]></system-err>
      </testcase>
      <system-out><![CDATA[20-01-2025T10:10:27 - [TEST_SUITE][FAILED] - About: Test Cases/7. About/7.2 Services/7.2.1 ATM/7.2.1 ATM FAILED.
Reason:
com.kms.katalon.core.exception.StepFailedException: Failed to tap on element 'Object Repository/android.widget.TextView - Services'
	at com.kms.katalon.core.mobile.keyword.internal.MobileKeywordMain.stepFailed(MobileKeywordMain.groovy:64)
	at com.kms.katalon.core.mobile.keyword.internal.MobileKeywordMain.runKeyword(MobileKeywordMain.groovy:34)
	at com.kms.katalon.core.mobile.keyword.builtin.TapKeyword.tap(TapKeyword.groovy:51)
	at com.kms.katalon.core.mobile.keyword.builtin.TapKeyword.execute(TapKeyword.groovy:35)
	at com.kms.katalon.core.keyword.internal.KeywordExecutor.executeKeywordForPlatform(KeywordExecutor.groovy:74)
	at com.kms.katalon.core.mobile.keyword.MobileBuiltInKeywords.tap(MobileBuiltInKeywords.groovy:1487)
	at 7.2.1 ATM.run(7.2.1 ATM:35)
	at com.kms.katalon.core.main.ScriptEngine.run(ScriptEngine.java:194)
	at com.kms.katalon.core.main.ScriptEngine.runScriptAsRawText(ScriptEngine.java:119)
	at com.kms.katalon.core.main.TestCaseExecutor.runScript(TestCaseExecutor.java:448)
	at com.kms.katalon.core.main.TestCaseExecutor.doExecute(TestCaseExecutor.java:439)
	at com.kms.katalon.core.main.TestCaseExecutor.processExecutionPhase(TestCaseExecutor.java:418)
	at com.kms.katalon.core.main.TestCaseExecutor.accessMainPhase(TestCaseExecutor.java:410)
	at com.kms.katalon.core.main.TestCaseExecutor.execute(TestCaseExecutor.java:285)
	at com.kms.katalon.core.common.CommonExecutor.accessTestCaseMainPhase(CommonExecutor.java:65)
	at com.kms.katalon.core.main.TestSuiteExecutor.accessTestSuiteMainPhase(TestSuiteExecutor.java:161)
	at com.kms.katalon.core.main.TestSuiteExecutor.execute(TestSuiteExecutor.java:107)
	at com.kms.katalon.core.main.TestCaseMain.startTestSuite(TestCaseMain.java:176)
	at TempTestSuite1737339021082.run(TempTestSuite1737339021082.groovy:35)
	at java.base/jdk.internal.reflect.NativeMethodAccessorImpl.invoke0(Native Method)
	at java.base/jdk.internal.reflect.NativeMethodAccessorImpl.invoke(NativeMethodAccessorImpl.java:77)
	at java.base/jdk.internal.reflect.DelegatingMethodAccessorImpl.invoke(DelegatingMethodAccessorImpl.java:43)
Caused by: com.kms.katalon.core.exception.StepFailedException: Object Object Repository/android.widget.TextView - Services not found
	at com.kms.katalon.core.mobile.keyword.internal.MobileKeywordMain.stepFailed(MobileKeywordMain.groovy:64)
	at com.kms.katalon.core.mobile.keyword.builtin.TapKeyword$_tap_closure1.doCall(TapKeyword.groovy:46)
	at com.kms.katalon.core.mobile.keyword.builtin.TapKeyword$_tap_closure1.call(TapKeyword.groovy)
	at com.kms.katalon.core.mobile.keyword.internal.MobileKeywordMain.runKeyword(MobileKeywordMain.groovy:30)
	... 20 more]]></system-out>
      <system-err><![CDATA[20-01-2025T10:10:27 - [TEST_SUITE][FAILED] - About: Test Cases/7. About/7.2 Services/7.2.1 ATM/7.2.1 ATM FAILED.
Reason:
com.kms.katalon.core.exception.StepFailedException: Failed to tap on element 'Object Repository/android.widget.TextView - Services'
	at com.kms.katalon.core.mobile.keyword.internal.MobileKeywordMain.stepFailed(MobileKeywordMain.groovy:64)
	at com.kms.katalon.core.mobile.keyword.internal.MobileKeywordMain.runKeyword(MobileKeywordMain.groovy:34)
	at com.kms.katalon.core.mobile.keyword.builtin.TapKeyword.tap(TapKeyword.groovy:51)
	at com.kms.katalon.core.mobile.keyword.builtin.TapKeyword.execute(TapKeyword.groovy:35)
	at com.kms.katalon.core.keyword.internal.KeywordExecutor.executeKeywordForPlatform(KeywordExecutor.groovy:74)
	at com.kms.katalon.core.mobile.keyword.MobileBuiltInKeywords.tap(MobileBuiltInKeywords.groovy:1487)
	at 7.2.1 ATM.run(7.2.1 ATM:35)
	at com.kms.katalon.core.main.ScriptEngine.run(ScriptEngine.java:194)
	at com.kms.katalon.core.main.ScriptEngine.runScriptAsRawText(ScriptEngine.java:119)
	at com.kms.katalon.core.main.TestCaseExecutor.runScript(TestCaseExecutor.java:448)
	at com.kms.katalon.core.main.TestCaseExecutor.doExecute(TestCaseExecutor.java:439)
	at com.kms.katalon.core.main.TestCaseExecutor.processExecutionPhase(TestCaseExecutor.java:418)
	at com.kms.katalon.core.main.TestCaseExecutor.accessMainPhase(TestCaseExecutor.java:410)
	at com.kms.katalon.core.main.TestCaseExecutor.execute(TestCaseExecutor.java:285)
	at com.kms.katalon.core.common.CommonExecutor.accessTestCaseMainPhase(CommonExecutor.java:65)
	at com.kms.katalon.core.main.TestSuiteExecutor.accessTestSuiteMainPhase(TestSuiteExecutor.java:161)
	at com.kms.katalon.core.main.TestSuiteExecutor.execute(TestSuiteExecutor.java:107)
	at com.kms.katalon.core.main.TestCaseMain.startTestSuite(TestCaseMain.java:176)
	at TempTestSuite1737339021082.run(TempTestSuite1737339021082.groovy:35)
	at java.base/jdk.internal.reflect.NativeMethodAccessorImpl.invoke0(Native Method)
	at java.base/jdk.internal.reflect.NativeMethodAccessorImpl.invoke(NativeMethodAccessorImpl.java:77)
	at java.base/jdk.internal.reflect.DelegatingMethodAccessorImpl.invoke(DelegatingMethodAccessorImpl.java:43)
Caused by: com.kms.katalon.core.exception.StepFailedException: Object Object Repository/android.widget.TextView - Services not found
	at com.kms.katalon.core.mobile.keyword.internal.MobileKeywordMain.stepFailed(MobileKeywordMain.groovy:64)
	at com.kms.katalon.core.mobile.keyword.builtin.TapKeyword$_tap_closure1.doCall(TapKeyword.groovy:46)
	at com.kms.katalon.core.mobile.keyword.builtin.TapKeyword$_tap_closure1.call(TapKeyword.groovy)
	at com.kms.katalon.core.mobile.keyword.internal.MobileKeywordMain.runKeyword(MobileKeywordMain.groovy:30)
	... 20 more]]></system-err>
   </testsuite>
</testsuites>
