<?xml version="1.0" encoding="UTF-8"?>
<testsuites name="TestSuite" time="114.104" tests="10" failures="0" errors="0">
   <testsuite name="TestSuite" tests="10" failures="0" errors="0" time="114.104" skipped="0" timestamp="17-01-2025T12:09:19" hostname="TUF - husna.lan" id="Test Suites/TestSuite">
      <properties>
         <property name="deviceName" value="samsung SM-A015F (Android 12)"/>
         <property name="devicePlatform" value="Android"/>
         <property name="logFolder" value="C:\\Users\\TUF\\git\\test\\Reports\\20250117_120911\\TestSuite\\20250117_120911"/>
         <property name="logFiles" value="C:\\Users\\TUF\\git\\test\\Reports\\20250117_120911\\TestSuite\\20250117_120911\\appium.log, C:\\Users\\TUF\\git\\test\\Reports\\20250117_120911\\TestSuite\\20250117_120911\\appium_error.log, C:\\Users\\TUF\\git\\test\\Reports\\20250117_120911\\TestSuite\\20250117_120911\\execution0.log"/>
         <property name="attachments" value="C:\\Users\\TUF\\git\\test\\Reports\\20250117_120911\\TestSuite\\20250117_120911\\1737087048377.png"/>
         <property name="hostName" value="TUF - husna.lan"/>
         <property name="os" value="Windows 11 64bit"/>
         <property name="appiumServerStatus" value="{&quot;value&quot;:{&quot;ready&quot;:true,&quot;message&quot;:&quot;The server is ready to accept new connections&quot;,&quot;build&quot;:{&quot;version&quot;:&quot;2.13.1&quot;}}}"/>
         <property name="katalonVersion" value="10.0.1.223"/>
         <property name="deviceOS" value="Android"/>
         <property name="appiumVersion" value="2.13.1"/>
         <property name="deviceModel" value="SM-A015F"/>
         <property name="hostAddress" value="192.168.1.229"/>
         <property name="deviceManufacturer" value="samsung"/>
         <property name="deviceId" value="R9PNC036RCJ"/>
         <property name="deviceName" value="samsung SM-A015F (Android 12)"/>
         <property name="deviceOSVersion" value="12"/>
      </properties>
      <testcase name="Test Cases/7. About/7.2 Services/7.2.1 ATM/7.2.1 ATM" time="43.199" classname="Test Cases/7. About/7.2 Services/7.2.1 ATM/7.2.1 ATM" status="PASSED">
         <system-out><![CDATA[17-01-2025T12:09:49 - [TEST_CASE][PASSED] - Test Cases/7. About/7.2 Services/7.2.1 ATM/7.2.1 ATM: Test Cases/7. About/7.2 Services/7.2.1 ATM/7.2.1 ATM

17-01-2025T12:09:49 - [TEST_STEP][PASSED] - projectDir = getProjectDir(): null

17-01-2025T12:09:49 - [TEST_STEP][PASSED] - apkFilePath = projectDir + "/Test Files/Setia_City_Mall_Version_5_13_11_(Version_Code_162).apk": null

17-01-2025T12:09:49 - [TEST_STEP][PASSED] - startApplication(apkFilePath, true): Started application: 'C:\Users\TUF\git\test\Test Files\Setia_City_Mall_Version_5_13_11_(Version_Code_162).apk'

17-01-2025T12:09:49 - [MESSAGE][INFO] - Starting application: 'C:\Users\TUF\git\test\Test Files\Setia_City_Mall_Version_5_13_11_(Version_Code_162).apk'

17-01-2025T12:09:49 - [MESSAGE][INFO] - User set preference: ['property', '']

17-01-2025T12:09:49 - [MESSAGE][INFO] - User set preference: ['property_1', '']

17-01-2025T12:09:49 - [MESSAGE][INFO] - User set preference: ['property_2', '']

17-01-2025T12:09:49 - [MESSAGE][INFO] - User set preference: ['deviceId', 'R9PNC036RCJ']

17-01-2025T12:10:09 - [MESSAGE][PASSED] - Started application: 'C:\Users\TUF\git\test\Test Files\Setia_City_Mall_Version_5_13_11_(Version_Code_162).apk'

17-01-2025T12:10:09 - [TEST_STEP][PASSED] - tap(findTestObject("Object Repository/android.widget.ImageView (22)"), 0): Tapped on element 'Object Repository/android.widget.ImageView (22)'

17-01-2025T12:10:09 - [MESSAGE][WARNING] - Timeout '0' is invalid. Using default page load timeout: '30'

17-01-2025T12:10:13 - [MESSAGE][PASSED] - Tapped on element 'Object Repository/android.widget.ImageView (22)'

17-01-2025T12:10:13 - [TEST_STEP][PASSED] - tap(findTestObject("Object Repository/android.widget.ImageView (14)"), 0): Tapped on element 'Object Repository/android.widget.ImageView (14)'

17-01-2025T12:10:13 - [MESSAGE][WARNING] - Timeout '0' is invalid. Using default page load timeout: '30'

17-01-2025T12:10:17 - [MESSAGE][PASSED] - Tapped on element 'Object Repository/android.widget.ImageView (14)'

17-01-2025T12:10:17 - [TEST_STEP][PASSED] - tap(findTestObject("Object Repository/android.widget.TextView - About (1)"), 0): Tapped on element 'Object Repository/android.widget.TextView - About (1)'

17-01-2025T12:10:17 - [MESSAGE][WARNING] - Timeout '0' is invalid. Using default page load timeout: '30'

17-01-2025T12:10:25 - [MESSAGE][PASSED] - Tapped on element 'Object Repository/android.widget.TextView - About (1)'

17-01-2025T12:10:25 - [TEST_STEP][PASSED] - tap(findTestObject("Object Repository/android.widget.TextView - Services"), 0): Tapped on element 'Object Repository/android.widget.TextView - Services'

17-01-2025T12:10:25 - [MESSAGE][WARNING] - Timeout '0' is invalid. Using default page load timeout: '30'

17-01-2025T12:10:28 - [MESSAGE][PASSED] - Tapped on element 'Object Repository/android.widget.TextView - Services'

17-01-2025T12:10:28 - [TEST_STEP][PASSED] - tap(findTestObject("Object Repository/android.widget.ScrollView"), 0): Tapped on element 'Object Repository/android.widget.ScrollView'

17-01-2025T12:10:28 - [MESSAGE][WARNING] - Timeout '0' is invalid. Using default page load timeout: '30'

17-01-2025T12:10:30 - [MESSAGE][PASSED] - Tapped on element 'Object Repository/android.widget.ScrollView'

17-01-2025T12:10:30 - [TEST_STEP][PASSED] - tap(findTestObject("Object Repository/android.widget.TextView - ATM"), 0): Tapped on element 'Object Repository/android.widget.TextView - ATM'

17-01-2025T12:10:30 - [MESSAGE][WARNING] - Timeout '0' is invalid. Using default page load timeout: '30'

17-01-2025T12:10:31 - [MESSAGE][PASSED] - Tapped on element 'Object Repository/android.widget.TextView - ATM'

17-01-2025T12:10:31 - [TEST_STEP][PASSED] - tap(findTestObject("Object Repository/android.widget.ImageView (16)"), 0): Tapped on element 'Object Repository/android.widget.ImageView (16)'

17-01-2025T12:10:31 - [MESSAGE][WARNING] - Timeout '0' is invalid. Using default page load timeout: '30'

17-01-2025T12:10:33 - [MESSAGE][PASSED] - Tapped on element 'Object Repository/android.widget.ImageView (16)']]></system-out>
         <system-err><![CDATA[]]></system-err>
      </testcase>
      <testcase name="Test Cases/7. About/7.2 Services/7.2.2 Bus/bus" time="3.636" classname="Test Cases/7. About/7.2 Services/7.2.2 Bus/bus" status="PASSED">
         <system-out><![CDATA[17-01-2025T12:10:33 - [TEST_CASE][PASSED] - Test Cases/7. About/7.2 Services/7.2.2 Bus/bus: Test Cases/7. About/7.2 Services/7.2.2 Bus/bus

17-01-2025T12:10:33 - [TEST_STEP][PASSED] - tap(findTestObject("Object Repository/android.widget.TextView - Bus"), 0): Tapped on element 'Object Repository/android.widget.TextView - Bus'

17-01-2025T12:10:33 - [MESSAGE][WARNING] - Timeout '0' is invalid. Using default page load timeout: '30'

17-01-2025T12:10:35 - [MESSAGE][PASSED] - Tapped on element 'Object Repository/android.widget.TextView - Bus'

17-01-2025T12:10:35 - [TEST_STEP][PASSED] - tap(findTestObject("Object Repository/android.widget.ImageView (17)"), 0): Tapped on element 'Object Repository/android.widget.ImageView (17)'

17-01-2025T12:10:35 - [MESSAGE][WARNING] - Timeout '0' is invalid. Using default page load timeout: '30'

17-01-2025T12:10:36 - [MESSAGE][PASSED] - Tapped on element 'Object Repository/android.widget.ImageView (17)']]></system-out>
         <system-err><![CDATA[]]></system-err>
      </testcase>
      <testcase name="Test Cases/7. About/7.2 Services/7.2.3 Car Park Help-Desk/car" time="3.619" classname="Test Cases/7. About/7.2 Services/7.2.3 Car Park Help-Desk/car" status="PASSED">
         <system-out><![CDATA[17-01-2025T12:10:36 - [TEST_CASE][PASSED] - Test Cases/7. About/7.2 Services/7.2.3 Car Park Help-Desk/car: Test Cases/7. About/7.2 Services/7.2.3 Car Park Help-Desk/car

17-01-2025T12:10:36 - [TEST_STEP][PASSED] - tap(findTestObject("Object Repository/android.widget.TextView - Car Park Help-Desk"), 0): Tapped on element 'Object Repository/android.widget.TextView - Car Park Help-Desk'

17-01-2025T12:10:36 - [MESSAGE][WARNING] - Timeout '0' is invalid. Using default page load timeout: '30'

17-01-2025T12:10:38 - [MESSAGE][PASSED] - Tapped on element 'Object Repository/android.widget.TextView - Car Park Help-Desk'

17-01-2025T12:10:38 - [TEST_STEP][PASSED] - tap(findTestObject("Object Repository/android.widget.ImageView (19)"), 0): Tapped on element 'Object Repository/android.widget.ImageView (19)'

17-01-2025T12:10:38 - [MESSAGE][WARNING] - Timeout '0' is invalid. Using default page load timeout: '30'

17-01-2025T12:10:40 - [MESSAGE][PASSED] - Tapped on element 'Object Repository/android.widget.ImageView (19)']]></system-out>
         <system-err><![CDATA[]]></system-err>
      </testcase>
      <testcase name="Test Cases/7. About/7.2 Services/7.2.4 Gift Wrapping/New Test Case" time="3.438" classname="Test Cases/7. About/7.2 Services/7.2.4 Gift Wrapping/New Test Case" status="PASSED">
         <system-out><![CDATA[17-01-2025T12:10:40 - [TEST_CASE][PASSED] - Test Cases/7. About/7.2 Services/7.2.4 Gift Wrapping/New Test Case: Test Cases/7. About/7.2 Services/7.2.4 Gift Wrapping/New Test Case

17-01-2025T12:10:40 - [TEST_STEP][PASSED] - tap(findTestObject("Object Repository/android.widget.TextView - Gift Wrapping"), 0): Tapped on element 'Object Repository/android.widget.TextView - Gift Wrapping'

17-01-2025T12:10:40 - [MESSAGE][WARNING] - Timeout '0' is invalid. Using default page load timeout: '30'

17-01-2025T12:10:42 - [MESSAGE][PASSED] - Tapped on element 'Object Repository/android.widget.TextView - Gift Wrapping'

17-01-2025T12:10:42 - [TEST_STEP][PASSED] - tap(findTestObject("Object Repository/android.widget.ImageView (21)"), 0): Tapped on element 'Object Repository/android.widget.ImageView (21)'

17-01-2025T12:10:42 - [MESSAGE][WARNING] - Timeout '0' is invalid. Using default page load timeout: '30'

17-01-2025T12:10:43 - [MESSAGE][PASSED] - Tapped on element 'Object Repository/android.widget.ImageView (21)']]></system-out>
         <system-err><![CDATA[]]></system-err>
      </testcase>
      <testcase name="Test Cases/7. About/7.2 Services/7.2.5 Lost n Found/lostnfound" time="3.403" classname="Test Cases/7. About/7.2 Services/7.2.5 Lost n Found/lostnfound" status="PASSED">
         <system-out><![CDATA[17-01-2025T12:10:43 - [TEST_CASE][PASSED] - Test Cases/7. About/7.2 Services/7.2.5 Lost n Found/lostnfound: Test Cases/7. About/7.2 Services/7.2.5 Lost n Found/lostnfound

17-01-2025T12:10:43 - [TEST_STEP][PASSED] - tap(findTestObject("Object Repository/android.widget.TextView - Lost  Found"), 0): Tapped on element 'Object Repository/android.widget.TextView - Lost  Found'

17-01-2025T12:10:43 - [MESSAGE][WARNING] - Timeout '0' is invalid. Using default page load timeout: '30'

17-01-2025T12:10:45 - [MESSAGE][PASSED] - Tapped on element 'Object Repository/android.widget.TextView - Lost  Found'

17-01-2025T12:10:45 - [TEST_STEP][PASSED] - tap(findTestObject("Object Repository/android.widget.ImageView (21)"), 0): Tapped on element 'Object Repository/android.widget.ImageView (21)'

17-01-2025T12:10:45 - [MESSAGE][WARNING] - Timeout '0' is invalid. Using default page load timeout: '30'

17-01-2025T12:10:47 - [MESSAGE][PASSED] - Tapped on element 'Object Repository/android.widget.ImageView (21)']]></system-out>
         <system-err><![CDATA[]]></system-err>
      </testcase>
      <testcase name="Test Cases/7. About/7.3 Amenities/7.3.1 Baby Strollers/Baby Stroller" time="9.604" classname="Test Cases/7. About/7.3 Amenities/7.3.1 Baby Strollers/Baby Stroller" status="PASSED">
         <system-out><![CDATA[17-01-2025T12:10:50 - [TEST_CASE][PASSED] - Test Cases/7. About/7.3 Amenities/7.3.1 Baby Strollers/Baby Stroller: Test Cases/7. About/7.3 Amenities/7.3.1 Baby Strollers/Baby Stroller

17-01-2025T12:10:50 - [TEST_STEP][PASSED] - tap(findTestObject("Object Repository/android.widget.ImageView (22)"), 0): Tapped on element 'Object Repository/android.widget.ImageView (22)'

17-01-2025T12:10:50 - [MESSAGE][WARNING] - Timeout '0' is invalid. Using default page load timeout: '30'

17-01-2025T12:10:50 - [MESSAGE][PASSED] - Tapped on element 'Object Repository/android.widget.ImageView (22)'

17-01-2025T12:10:50 - [TEST_STEP][PASSED] - tap(findTestObject("Object Repository/android.widget.TextView - About (4)"), 0): Tapped on element 'Object Repository/android.widget.TextView - About (4)'

17-01-2025T12:10:50 - [MESSAGE][WARNING] - Timeout '0' is invalid. Using default page load timeout: '30'

17-01-2025T12:10:53 - [MESSAGE][PASSED] - Tapped on element 'Object Repository/android.widget.TextView - About (4)'

17-01-2025T12:10:53 - [TEST_STEP][PASSED] - tap(findTestObject("Object Repository/android.widget.TextView - Amenities"), 0): Tapped on element 'Object Repository/android.widget.TextView - Amenities'

17-01-2025T12:10:53 - [MESSAGE][WARNING] - Timeout '0' is invalid. Using default page load timeout: '30'

17-01-2025T12:10:55 - [MESSAGE][PASSED] - Tapped on element 'Object Repository/android.widget.TextView - Amenities'

17-01-2025T12:10:55 - [TEST_STEP][PASSED] - tap(findTestObject("Object Repository/android.widget.TextView - Baby Strollers"), 0): Tapped on element 'Object Repository/android.widget.TextView - Baby Strollers'

17-01-2025T12:10:55 - [MESSAGE][WARNING] - Timeout '0' is invalid. Using default page load timeout: '30'

17-01-2025T12:10:57 - [MESSAGE][PASSED] - Tapped on element 'Object Repository/android.widget.TextView - Baby Strollers'

17-01-2025T12:10:57 - [TEST_STEP][PASSED] - tap(findTestObject("Object Repository/android.widget.ImageView (23)"), 0): Tapped on element 'Object Repository/android.widget.ImageView (23)'

17-01-2025T12:10:57 - [MESSAGE][WARNING] - Timeout '0' is invalid. Using default page load timeout: '30'

17-01-2025T12:10:59 - [MESSAGE][PASSED] - Tapped on element 'Object Repository/android.widget.ImageView (23)']]></system-out>
         <system-err><![CDATA[]]></system-err>
      </testcase>
      <testcase name="Test Cases/7. About/7.3 Amenities/7.3.2 Handicapped Bathrooms/Handicapped Bathrooms" time="3.453" classname="Test Cases/7. About/7.3 Amenities/7.3.2 Handicapped Bathrooms/Handicapped Bathrooms" status="PASSED">
         <system-out><![CDATA[17-01-2025T12:10:59 - [TEST_CASE][PASSED] - Test Cases/7. About/7.3 Amenities/7.3.2 Handicapped Bathrooms/Handicapped Bathrooms: Test Cases/7. About/7.3 Amenities/7.3.2 Handicapped Bathrooms/Handicapped Bathrooms

17-01-2025T12:10:59 - [TEST_STEP][PASSED] - tap(findTestObject("Object Repository/android.widget.TextView - Handicapped Bathrooms"), 0): Tapped on element 'Object Repository/android.widget.TextView - Handicapped Bathrooms'

17-01-2025T12:10:59 - [MESSAGE][WARNING] - Timeout '0' is invalid. Using default page load timeout: '30'

17-01-2025T12:11:01 - [MESSAGE][PASSED] - Tapped on element 'Object Repository/android.widget.TextView - Handicapped Bathrooms'

17-01-2025T12:11:01 - [TEST_STEP][PASSED] - tap(findTestObject("Object Repository/android.widget.ImageView (23)"), 0): Tapped on element 'Object Repository/android.widget.ImageView (23)'

17-01-2025T12:11:01 - [MESSAGE][WARNING] - Timeout '0' is invalid. Using default page load timeout: '30'

17-01-2025T12:11:03 - [MESSAGE][PASSED] - Tapped on element 'Object Repository/android.widget.ImageView (23)']]></system-out>
         <system-err><![CDATA[]]></system-err>
      </testcase>
      <testcase name="Test Cases/7. About/7.3 Amenities/7.3.3 Parents Rooms/Parents Room" time="3.44" classname="Test Cases/7. About/7.3 Amenities/7.3.3 Parents Rooms/Parents Room" status="PASSED">
         <system-out><![CDATA[17-01-2025T12:11:03 - [TEST_CASE][PASSED] - Test Cases/7. About/7.3 Amenities/7.3.3 Parents Rooms/Parents Room: Test Cases/7. About/7.3 Amenities/7.3.3 Parents Rooms/Parents Room

17-01-2025T12:11:03 - [TEST_STEP][PASSED] - tap(findTestObject("Object Repository/android.widget.TextView - Parents rooms"), 0): Tapped on element 'Object Repository/android.widget.TextView - Parents rooms'

17-01-2025T12:11:03 - [MESSAGE][WARNING] - Timeout '0' is invalid. Using default page load timeout: '30'

17-01-2025T12:11:04 - [MESSAGE][PASSED] - Tapped on element 'Object Repository/android.widget.TextView - Parents rooms'

17-01-2025T12:11:04 - [TEST_STEP][PASSED] - tap(findTestObject("Object Repository/android.widget.ImageView (23)"), 0): Tapped on element 'Object Repository/android.widget.ImageView (23)'

17-01-2025T12:11:04 - [MESSAGE][WARNING] - Timeout '0' is invalid. Using default page load timeout: '30'

17-01-2025T12:11:06 - [MESSAGE][PASSED] - Tapped on element 'Object Repository/android.widget.ImageView (23)']]></system-out>
         <system-err><![CDATA[]]></system-err>
      </testcase>
      <testcase name="Test Cases/7. About/7.3 Amenities/7.3.4 Surau/Surau" time="3.406" classname="Test Cases/7. About/7.3 Amenities/7.3.4 Surau/Surau" status="PASSED">
         <system-out><![CDATA[17-01-2025T12:11:06 - [TEST_CASE][PASSED] - Test Cases/7. About/7.3 Amenities/7.3.4 Surau/Surau: Test Cases/7. About/7.3 Amenities/7.3.4 Surau/Surau

17-01-2025T12:11:06 - [TEST_STEP][PASSED] - tap(findTestObject("Object Repository/android.widget.TextView - Surau"), 0): Tapped on element 'Object Repository/android.widget.TextView - Surau'

17-01-2025T12:11:06 - [MESSAGE][WARNING] - Timeout '0' is invalid. Using default page load timeout: '30'

17-01-2025T12:11:08 - [MESSAGE][PASSED] - Tapped on element 'Object Repository/android.widget.TextView - Surau'

17-01-2025T12:11:08 - [TEST_STEP][PASSED] - tap(findTestObject("Object Repository/android.widget.ImageView (24)"), 0): Tapped on element 'Object Repository/android.widget.ImageView (24)'

17-01-2025T12:11:08 - [MESSAGE][WARNING] - Timeout '0' is invalid. Using default page load timeout: '30'

17-01-2025T12:11:10 - [MESSAGE][PASSED] - Tapped on element 'Object Repository/android.widget.ImageView (24)']]></system-out>
         <system-err><![CDATA[]]></system-err>
      </testcase>
      <testcase name="Test Cases/7. About/7.3 Amenities/7.3.5 Wheel Chairs/Wheel Chairs" time="3.388" classname="Test Cases/7. About/7.3 Amenities/7.3.5 Wheel Chairs/Wheel Chairs" status="PASSED">
         <system-out><![CDATA[17-01-2025T12:11:10 - [TEST_CASE][PASSED] - Test Cases/7. About/7.3 Amenities/7.3.5 Wheel Chairs/Wheel Chairs: Test Cases/7. About/7.3 Amenities/7.3.5 Wheel Chairs/Wheel Chairs

17-01-2025T12:11:10 - [TEST_STEP][PASSED] - tap(findTestObject("Object Repository/android.widget.TextView - Wheel Chairs"), 0): Tapped on element 'Object Repository/android.widget.TextView - Wheel Chairs'

17-01-2025T12:11:10 - [MESSAGE][WARNING] - Timeout '0' is invalid. Using default page load timeout: '30'

17-01-2025T12:11:11 - [MESSAGE][PASSED] - Tapped on element 'Object Repository/android.widget.TextView - Wheel Chairs'

17-01-2025T12:11:11 - [TEST_STEP][PASSED] - tap(findTestObject("Object Repository/android.widget.ImageView (23)"), 0): Tapped on element 'Object Repository/android.widget.ImageView (23)'

17-01-2025T12:11:11 - [MESSAGE][WARNING] - Timeout '0' is invalid. Using default page load timeout: '30'

17-01-2025T12:11:13 - [MESSAGE][PASSED] - Tapped on element 'Object Repository/android.widget.ImageView (23)']]></system-out>
         <system-err><![CDATA[]]></system-err>
      </testcase>
      <system-out><![CDATA[17-01-2025T12:09:19 - [TEST_SUITE][FAILED] - TestSuite: Test Cases/7. About/7.2 Services/7.2.1 ATM/7.2.1 ATM FAILED.
Reason:
com.kms.katalon.core.exception.StepFailedException: Unable to start application: 'C:/Users/TUF/git/test/Test Files/Setia_City_Mall_Version_5_13_11_(Version_Code_162).apk'
	at com.kms.katalon.core.mobile.keyword.internal.MobileKeywordMain.stepFailed(MobileKeywordMain.groovy:64)
	at com.kms.katalon.core.mobile.keyword.internal.MobileKeywordMain.runKeyword(MobileKeywordMain.groovy:34)
	at com.kms.katalon.core.mobile.keyword.builtin.StartApplicationKeyword.startApplication(StartApplicationKeyword.groovy:91)
	at com.kms.katalon.core.mobile.keyword.builtin.StartApplicationKeyword.execute(StartApplicationKeyword.groovy:48)
	at com.kms.katalon.core.keyword.internal.KeywordExecutor.executeKeywordForPlatform(KeywordExecutor.groovy:74)
	at com.kms.katalon.core.mobile.keyword.MobileBuiltInKeywords.startApplication(MobileBuiltInKeywords.groovy:75)
	at 7.2.1 ATM.run(7.2.1 ATM:27)
	at com.kms.katalon.core.main.ScriptEngine.run(ScriptEngine.java:194)
	at com.kms.katalon.core.main.ScriptEngine.runScriptAsRawText(ScriptEngine.java:119)
	at com.kms.katalon.core.main.TestCaseExecutor.runScript(TestCaseExecutor.java:448)
	at com.kms.katalon.core.main.TestCaseExecutor.doExecute(TestCaseExecutor.java:439)
	at com.kms.katalon.core.main.TestCaseExecutor.processExecutionPhase(TestCaseExecutor.java:418)
	at com.kms.katalon.core.main.TestCaseExecutor.accessMainPhase(TestCaseExecutor.java:410)
	at com.kms.katalon.core.main.TestCaseExecutor.execute(TestCaseExecutor.java:285)
	at com.kms.katalon.core.common.CommonExecutor.accessTestCaseMainPhase(CommonExecutor.java:65)
	at com.kms.katalon.core.main.TestSuiteExecutor.accessTestSuiteMainPhase(TestSuiteExecutor.java:161)
	at com.kms.katalon.core.main.TestSuiteExecutor.execute(TestSuiteExecutor.java:107)
	at com.kms.katalon.core.main.TestCaseMain.startTestSuite(TestCaseMain.java:176)
	at TempTestSuite1737086951488.run(TempTestSuite1737086951488.groovy:35)
	at java.base/jdk.internal.reflect.NativeMethodAccessorImpl.invoke0(Native Method)
	at java.base/jdk.internal.reflect.NativeMethodAccessorImpl.invoke(NativeMethodAccessorImpl.java:77)
	at java.base/jdk.internal.reflect.DelegatingMethodAccessorImpl.invoke(DelegatingMethodAccessorImpl.java:43)
Caused by: org.openqa.selenium.SessionNotCreatedException: Could not start a new session. Response code 500. Message: An unknown server-side error occurred while processing the command. Original error: Error executing adbExec. Original error: 'Command 'C:\\Users\\TUF\\AppData\\Local\\Android\\Sdk\\platform-tools\\adb.exe -P 5037 -s R9PNC036RCJ install -r -g 'C:\\Users\\TUF\\git\\test\\Test Files\\Setia_City_Mall_Version_5_13_11_(Version_Code_162).apk'' exited with code 1'; Command output: adb: failed to install C:\Users\TUF\git\test\Test Files\Setia_City_Mall_Version_5_13_11_(Version_Code_162).apk: Failure [INSTALL_FAILED_PACKAGE_CHANGED: Package was removed before install could complete.]
 
Host info: host: 'HUSNA', ip: '192.168.1.229'
Build info: version: '4.22.0', revision: 'c5f3146703'
System info: os.name: 'Windows 11', os.arch: 'amd64', os.version: '10.0', java.version: '17.0.7'
Driver info: io.appium.java_client.android.AndroidDriver
Command: [null, newSession {capabilities=[Capabilities {appium:app: C:\Users\TUF\git\test\Test ..., appium:autoGrantPermissions: true, appium:automationName: uiautomator2, appium:deviceId: R9PNC036RCJ, appium:deviceName: samsung SM-A015F (Android 12), appium:fullReset: true, appium:newCommandTimeout: 1800, appium:noReset: false, appium:platformName: ANDROID, appium:platformVersion: 12, appium:property: , appium:property_1: , appium:property_2: , appium:systemPort: 58090, appium:udid: R9PNC036RCJ, platformName: ANDROID}]}]
Capabilities {appium:app: C:\Users\TUF\git\test\Test ..., appium:autoGrantPermissions: true, appium:automationName: uiautomator2, appium:deviceId: R9PNC036RCJ, appium:deviceName: samsung SM-A015F (Android 12), appium:fullReset: true, appium:newCommandTimeout: 1800, appium:noReset: false, appium:platformName: ANDROID, appium:platformVersion: 12, appium:property: , appium:property_1: , appium:property_2: , appium:systemPort: 58090, appium:udid: R9PNC036RCJ, platformName: ANDROID}
	at org.openqa.selenium.remote.ProtocolHandshake.createSession(ProtocolHandshake.java:114)
	at org.openqa.selenium.remote.ProtocolHandshake.createSession(ProtocolHandshake.java:75)
	at org.openqa.selenium.remote.ProtocolHandshake.createSession(ProtocolHandshake.java:61)
	at io.appium.java_client.remote.AppiumCommandExecutor.createSession(AppiumCommandExecutor.java:176)
	at io.appium.java_client.remote.AppiumCommandExecutor.execute(AppiumCommandExecutor.java:237)
	at org.openqa.selenium.remote.RemoteWebDriver.execute(RemoteWebDriver.java:518)
	at io.appium.java_client.AppiumDriver.startSession(AppiumDriver.java:270)
	at org.openqa.selenium.remote.RemoteWebDriver.<init>(RemoteWebDriver.java:161)
	at io.appium.java_client.AppiumDriver.<init>(AppiumDriver.java:91)
	at io.appium.java_client.android.AndroidDriver.<init>(AndroidDriver.java:99)
	at com.kms.katalon.core.appium.driver.AppiumDriverManager.createMobileDriver(AppiumDriverManager.java:568)
	at com.kms.katalon.core.appium.driver.AppiumDriverManager.createMobileDriver(AppiumDriverManager.java:545)
	at com.kms.katalon.core.mobile.keyword.internal.MobileDriverFactory.startLocalMobileDriver(MobileDriverFactory.java:597)
	at com.kms.katalon.core.mobile.keyword.internal.MobileDriverFactory.startMobileDriver(MobileDriverFactory.java:510)
	at com.kms.katalon.core.mobile.keyword.builtin.StartApplicationKeyword$_startApplication_closure1.doCall(StartApplicationKeyword.groovy:89)
	at com.kms.katalon.core.mobile.keyword.builtin.StartApplicationKeyword$_startApplication_closure1.call(StartApplicationKeyword.groovy)
	at com.kms.katalon.core.mobile.keyword.internal.MobileKeywordMain.runKeyword(MobileKeywordMain.groovy:30)
	... 20 more]]></system-out>
      <system-err><![CDATA[17-01-2025T12:09:19 - [TEST_SUITE][FAILED] - TestSuite: Test Cases/7. About/7.2 Services/7.2.1 ATM/7.2.1 ATM FAILED.
Reason:
com.kms.katalon.core.exception.StepFailedException: Unable to start application: 'C:/Users/TUF/git/test/Test Files/Setia_City_Mall_Version_5_13_11_(Version_Code_162).apk'
	at com.kms.katalon.core.mobile.keyword.internal.MobileKeywordMain.stepFailed(MobileKeywordMain.groovy:64)
	at com.kms.katalon.core.mobile.keyword.internal.MobileKeywordMain.runKeyword(MobileKeywordMain.groovy:34)
	at com.kms.katalon.core.mobile.keyword.builtin.StartApplicationKeyword.startApplication(StartApplicationKeyword.groovy:91)
	at com.kms.katalon.core.mobile.keyword.builtin.StartApplicationKeyword.execute(StartApplicationKeyword.groovy:48)
	at com.kms.katalon.core.keyword.internal.KeywordExecutor.executeKeywordForPlatform(KeywordExecutor.groovy:74)
	at com.kms.katalon.core.mobile.keyword.MobileBuiltInKeywords.startApplication(MobileBuiltInKeywords.groovy:75)
	at 7.2.1 ATM.run(7.2.1 ATM:27)
	at com.kms.katalon.core.main.ScriptEngine.run(ScriptEngine.java:194)
	at com.kms.katalon.core.main.ScriptEngine.runScriptAsRawText(ScriptEngine.java:119)
	at com.kms.katalon.core.main.TestCaseExecutor.runScript(TestCaseExecutor.java:448)
	at com.kms.katalon.core.main.TestCaseExecutor.doExecute(TestCaseExecutor.java:439)
	at com.kms.katalon.core.main.TestCaseExecutor.processExecutionPhase(TestCaseExecutor.java:418)
	at com.kms.katalon.core.main.TestCaseExecutor.accessMainPhase(TestCaseExecutor.java:410)
	at com.kms.katalon.core.main.TestCaseExecutor.execute(TestCaseExecutor.java:285)
	at com.kms.katalon.core.common.CommonExecutor.accessTestCaseMainPhase(CommonExecutor.java:65)
	at com.kms.katalon.core.main.TestSuiteExecutor.accessTestSuiteMainPhase(TestSuiteExecutor.java:161)
	at com.kms.katalon.core.main.TestSuiteExecutor.execute(TestSuiteExecutor.java:107)
	at com.kms.katalon.core.main.TestCaseMain.startTestSuite(TestCaseMain.java:176)
	at TempTestSuite1737086951488.run(TempTestSuite1737086951488.groovy:35)
	at java.base/jdk.internal.reflect.NativeMethodAccessorImpl.invoke0(Native Method)
	at java.base/jdk.internal.reflect.NativeMethodAccessorImpl.invoke(NativeMethodAccessorImpl.java:77)
	at java.base/jdk.internal.reflect.DelegatingMethodAccessorImpl.invoke(DelegatingMethodAccessorImpl.java:43)
Caused by: org.openqa.selenium.SessionNotCreatedException: Could not start a new session. Response code 500. Message: An unknown server-side error occurred while processing the command. Original error: Error executing adbExec. Original error: 'Command 'C:\\Users\\TUF\\AppData\\Local\\Android\\Sdk\\platform-tools\\adb.exe -P 5037 -s R9PNC036RCJ install -r -g 'C:\\Users\\TUF\\git\\test\\Test Files\\Setia_City_Mall_Version_5_13_11_(Version_Code_162).apk'' exited with code 1'; Command output: adb: failed to install C:\Users\TUF\git\test\Test Files\Setia_City_Mall_Version_5_13_11_(Version_Code_162).apk: Failure [INSTALL_FAILED_PACKAGE_CHANGED: Package was removed before install could complete.]
 
Host info: host: 'HUSNA', ip: '192.168.1.229'
Build info: version: '4.22.0', revision: 'c5f3146703'
System info: os.name: 'Windows 11', os.arch: 'amd64', os.version: '10.0', java.version: '17.0.7'
Driver info: io.appium.java_client.android.AndroidDriver
Command: [null, newSession {capabilities=[Capabilities {appium:app: C:\Users\TUF\git\test\Test ..., appium:autoGrantPermissions: true, appium:automationName: uiautomator2, appium:deviceId: R9PNC036RCJ, appium:deviceName: samsung SM-A015F (Android 12), appium:fullReset: true, appium:newCommandTimeout: 1800, appium:noReset: false, appium:platformName: ANDROID, appium:platformVersion: 12, appium:property: , appium:property_1: , appium:property_2: , appium:systemPort: 58090, appium:udid: R9PNC036RCJ, platformName: ANDROID}]}]
Capabilities {appium:app: C:\Users\TUF\git\test\Test ..., appium:autoGrantPermissions: true, appium:automationName: uiautomator2, appium:deviceId: R9PNC036RCJ, appium:deviceName: samsung SM-A015F (Android 12), appium:fullReset: true, appium:newCommandTimeout: 1800, appium:noReset: false, appium:platformName: ANDROID, appium:platformVersion: 12, appium:property: , appium:property_1: , appium:property_2: , appium:systemPort: 58090, appium:udid: R9PNC036RCJ, platformName: ANDROID}
	at org.openqa.selenium.remote.ProtocolHandshake.createSession(ProtocolHandshake.java:114)
	at org.openqa.selenium.remote.ProtocolHandshake.createSession(ProtocolHandshake.java:75)
	at org.openqa.selenium.remote.ProtocolHandshake.createSession(ProtocolHandshake.java:61)
	at io.appium.java_client.remote.AppiumCommandExecutor.createSession(AppiumCommandExecutor.java:176)
	at io.appium.java_client.remote.AppiumCommandExecutor.execute(AppiumCommandExecutor.java:237)
	at org.openqa.selenium.remote.RemoteWebDriver.execute(RemoteWebDriver.java:518)
	at io.appium.java_client.AppiumDriver.startSession(AppiumDriver.java:270)
	at org.openqa.selenium.remote.RemoteWebDriver.<init>(RemoteWebDriver.java:161)
	at io.appium.java_client.AppiumDriver.<init>(AppiumDriver.java:91)
	at io.appium.java_client.android.AndroidDriver.<init>(AndroidDriver.java:99)
	at com.kms.katalon.core.appium.driver.AppiumDriverManager.createMobileDriver(AppiumDriverManager.java:568)
	at com.kms.katalon.core.appium.driver.AppiumDriverManager.createMobileDriver(AppiumDriverManager.java:545)
	at com.kms.katalon.core.mobile.keyword.internal.MobileDriverFactory.startLocalMobileDriver(MobileDriverFactory.java:597)
	at com.kms.katalon.core.mobile.keyword.internal.MobileDriverFactory.startMobileDriver(MobileDriverFactory.java:510)
	at com.kms.katalon.core.mobile.keyword.builtin.StartApplicationKeyword$_startApplication_closure1.doCall(StartApplicationKeyword.groovy:89)
	at com.kms.katalon.core.mobile.keyword.builtin.StartApplicationKeyword$_startApplication_closure1.call(StartApplicationKeyword.groovy)
	at com.kms.katalon.core.mobile.keyword.internal.MobileKeywordMain.runKeyword(MobileKeywordMain.groovy:30)
	... 20 more]]></system-err>
   </testsuite>
</testsuites>
